<?xml version="1.0" encoding="UTF-8"?>
<testsuite name="com.example.dogedice.model.DieStub" tests="1" skipped="0" failures="0" errors="0" timestamp="2019-12-12T08:50:07" hostname="Christians-MacBook-Pro.local" time="0.016">
  <properties/>
  <testcase name="roll_doesDieReturnCorrectValueWhenRolling()" classname="com.example.dogedice.model.DieStub" time="0.016"/>
  <system-out><![CDATA[]]></system-out>
  <system-err><![CDATA[]]></system-err>
</testsuite>
