<?xml version="1.0" encoding="UTF-8"?>
<testsuite name="com.example.dogedice.model.PlayerTest" tests="9" skipped="0" failures="0" errors="0" timestamp="2019-12-12T08:50:07" hostname="Christians-MacBook-Pro.local" time="0.018">
  <properties/>
  <testcase name="compareTo_comparePlayers_afterComparingPlayerScore()" classname="com.example.dogedice.model.PlayerTest" time="0.003"/>
  <testcase name="resetScore_ResetScore_AfterRollAllDice()" classname="com.example.dogedice.model.PlayerTest" time="0.001"/>
  <testcase name="rollAllDice_SuccesfullyRollAllDice_AfterAddingModifier()" classname="com.example.dogedice.model.PlayerTest" time="0.001"/>
  <testcase name="rollAllDice_RollAllDiceAndRemoveScore_AfterAddingModifier()" classname="com.example.dogedice.model.PlayerTest" time="0.001"/>
  <testcase name="addDie_DiceListHasSizeTen_AfterAddingTenDice()" classname="com.example.dogedice.model.PlayerTest" time="0.003"/>
  <testcase name="removePoints_returnsFalse_IfPlayerHasInsufficientPoints()" classname="com.example.dogedice.model.PlayerTest" time="0.002"/>
  <testcase name="sumAllModifiers_ModifierListHasTwo_AfterSumAllModifiers()" classname="com.example.dogedice.model.PlayerTest" time="0.001"/>
  <testcase name="addModifier_ModifierListHasSizeOne_AfterAddingOneModifier()" classname="com.example.dogedice.model.PlayerTest" time="0.001"/>
  <testcase name="addDie_DiceListHasTwentySidedDie_AfterAddingTwentySidedDie()" classname="com.example.dogedice.model.PlayerTest" time="0.0"/>
  <system-out><![CDATA[]]></system-out>
  <system-err><![CDATA[]]></system-err>
</testsuite>
